<?xml version="1.0" encoding="UTF-8"?>
<testng-results skipped="0" failed="0" ignored="0" total="1" passed="1">
  <reporter-output>
  </reporter-output>
  <suite name="Default suite" duration-ms="12313" started-at="2019-05-01T16:37:58Z" finished-at="2019-05-01T16:38:10Z">
    <groups>
    </groups>
    <test name="Default test" duration-ms="12313" started-at="2019-05-01T16:37:58Z" finished-at="2019-05-01T16:38:10Z">
      <class name="api.rest.RestAssured.RestPut">
        <test-method status="PASS" signature="PutCall()[pri:0, instance:api.rest.RestAssured.RestPut@77fbd92c]" name="PutCall" duration-ms="12136" started-at="2019-05-01T16:37:58Z" finished-at="2019-05-01T16:38:10Z">
          <reporter-output>
          </reporter-output>
        </test-method> <!-- PutCall -->
      </class> <!-- api.rest.RestAssured.RestPut -->
    </test> <!-- Default test -->
  </suite> <!-- Default suite -->
</testng-results>
