<?xml version="1.0" encoding="UTF-8"?>
<testng-results skipped="0" failed="0" ignored="0" total="1" passed="1">
  <reporter-output>
  </reporter-output>
  <suite name="Default suite" duration-ms="2947" started-at="2019-04-10T02:52:15Z" finished-at="2019-04-10T02:52:18Z">
    <groups>
    </groups>
    <test name="Default test" duration-ms="2947" started-at="2019-04-10T02:52:15Z" finished-at="2019-04-10T02:52:18Z">
      <class name="api.rest.qa.PostTest">
        <test-method status="PASS" signature="initialize()[pri:0, instance:api.rest.qa.PostTest@8bd1b6a]" name="initialize" is-config="true" duration-ms="32" started-at="2019-04-10T02:52:15Z" finished-at="2019-04-10T02:52:15Z">
          <reporter-output>
          </reporter-output>
        </test-method> <!-- initialize -->
        <test-method status="PASS" signature="PostcallTest()[pri:0, instance:api.rest.qa.PostTest@8bd1b6a]" name="PostcallTest" duration-ms="2846" started-at="2019-04-10T02:52:15Z" finished-at="2019-04-10T02:52:18Z">
          <reporter-output>
          </reporter-output>
        </test-method> <!-- PostcallTest -->
      </class> <!-- api.rest.qa.PostTest -->
    </test> <!-- Default test -->
  </suite> <!-- Default suite -->
</testng-results>
